<?xml version="1.0" encoding="UTF-8" standalone="yes"?><!DOCTYPE report PUBLIC "-//JACOCO//DTD Report 1.1//EN" "report.dtd"><report name="TestCalidad"><sessioninfo id="DESKTOP-1TBGCBA-d0547568" start="1653358960466" dump="1653358960932"/><package name="com/mycompany/testcalidad"><class name="com/mycompany/testcalidad/ContarLetras" sourcefilename="ContarLetras.java"><method name="&lt;init&gt;" desc="()V" line="12"><counter type="INSTRUCTION" missed="3" covered="0"/><counter type="LINE" missed="1" covered="0"/><counter type="COMPLEXITY" missed="1" covered="0"/><counter type="METHOD" missed="1" covered="0"/></method><method name="contarLetras" desc="(Ljava/lang/String;C)I" line="15"><counter type="INSTRUCTION" missed="10" covered="13"/><counter type="BRANCH" missed="5" covered="1"/><counter type="LINE" missed="3" covered="4"/><counter type="COMPLEXITY" missed="3" covered="1"/><counter type="METHOD" missed="0" covered="1"/></method><counter type="INSTRUCTION" missed="13" covered="13"/><counter type="BRANCH" missed="5" covered="1"/><counter type="LINE" missed="4" covered="4"/><counter type="COMPLEXITY" missed="4" covered="1"/><counter type="METHOD" missed="1" covered="1"/><counter type="CLASS" missed="0" covered="1"/></class><sourcefile name="ContarLetras.java"><line nr="12" mi="3" ci="0" mb="0" cb="0"/><line nr="15" mi="0" ci="6" mb="0" cb="0"/><line nr="16" mi="0" ci="3" mb="0" cb="0"/><line nr="17" mi="0" ci="2" mb="1" cb="1"/><line nr="19" mi="6" ci="0" mb="2" cb="0"/><line nr="20" mi="1" ci="0" mb="0" cb="0"/><line nr="21" mi="3" ci="0" mb="2" cb="0"/><line nr="23" mi="0" ci="2" mb="0" cb="0"/><counter type="INSTRUCTION" missed="13" covered="13"/><counter type="BRANCH" missed="5" covered="1"/><counter type="LINE" missed="4" covered="4"/><counter type="COMPLEXITY" missed="4" covered="1"/><counter type="METHOD" missed="1" covered="1"/><counter type="CLASS" missed="0" covered="1"/></sourcefile><counter type="INSTRUCTION" missed="13" covered="13"/><counter type="BRANCH" missed="5" covered="1"/><counter type="LINE" missed="4" covered="4"/><counter type="COMPLEXITY" missed="4" covered="1"/><counter type="METHOD" missed="1" covered="1"/><counter type="CLASS" missed="0" covered="1"/></package><counter type="INSTRUCTION" missed="13" covered="13"/><counter type="BRANCH" missed="5" covered="1"/><counter type="LINE" missed="4" covered="4"/><counter type="COMPLEXITY" missed="4" covered="1"/><counter type="METHOD" missed="1" covered="1"/><counter type="CLASS" missed="0" covered="1"/></report>